<?xml version="1.0" encoding="UTF-8"?>
<testsuites name="TS_SearchFish_New" time="7.328" tests="1" failures="0" errors="0">
   <testsuite name="TS_SearchFish_New" tests="1" failures="0" errors="0" time="7.328" skipped="0" timestamp="04-10-2024T13:12:17" hostname="WINDOWS11 - Mohan" id="Test Suites/TS_SearchFish_New">
      <properties>
         <property name="deviceName" value=""/>
         <property name="devicePlatform"/>
         <property name="logFolder" value="C:\\Users\\WINDOWS11\\git\\eykatalonTestArtifacts\\Reports\\20241004_131210\\TS_SearchFish_New\\20241004_131210"/>
         <property name="logFiles" value="C:\\Users\\WINDOWS11\\git\\eykatalonTestArtifacts\\Reports\\20241004_131210\\TS_SearchFish_New\\20241004_131210\\execution0.log"/>
         <property name="attachments" value=""/>
         <property name="hostName" value="WINDOWS11 - Mohan"/>
         <property name="os" value="Windows 11 64bit"/>
         <property name="katalonVersion" value="9.7.2.223"/>
         <property name="browser" value="Chrome 129.0.0.0"/>
         <property name="hostAddress" value="192.168.1.3"/>
         <property name="sessionId" value="8750a792688a2ca888cefe26628e9a6a"/>
         <property name="seleniumVersion" value="3.141.59"/>
         <property name="proxyInformation" value="ProxyInformation { proxyOption=NO_PROXY, proxyServerType=HTTP, username=, password=********, proxyServerAddress=, proxyServerPort=0, executionList=&quot;&quot;, isApplyToDesiredCapabilities=true }"/>
         <property name="platform" value="Windows 11"/>
      </properties>
      <testcase name="Test Cases/TC_Search_Fish" time="7.161" classname="Test Cases/TC_Search_Fish" status="PASSED">
         <system-out><![CDATA[04-10-2024T13:12:17 - [TEST_CASE][PASSED] - Test Cases/TC_Search_Fish: Test Cases/TC_Search_Fish

04-10-2024T13:12:17 - [TEST_STEP][PASSED] - openBrowser(""): Browser is opened with url: ''

04-10-2024T13:12:17 - [MESSAGE][INFO] - Starting 'Chrome' driver

04-10-2024T13:12:17 - [MESSAGE][INFO] - Action delay is set to 0 milliseconds

04-10-2024T13:12:19 - [MESSAGE][PASSED] - Browser is opened with url: ''

04-10-2024T13:12:19 - [TEST_STEP][PASSED] - navigateToUrl("https://petstore.octoperf.com/"): Navigate to 'https://petstore.octoperf.com/' successfully

04-10-2024T13:12:20 - [MESSAGE][PASSED] - Navigate to 'https://petstore.octoperf.com/' successfully

04-10-2024T13:12:20 - [TEST_STEP][PASSED] - click(findTestObject("Object Repository/SearchFish/Page_JPetStore Demo/a_Enter the Store")): Object: 'Object Repository/SearchFish/Page_JPetStore Demo/a_Enter the Store' is clicked on

04-10-2024T13:12:21 - [MESSAGE][PASSED] - Object: 'Object Repository/SearchFish/Page_JPetStore Demo/a_Enter the Store' is clicked on

04-10-2024T13:12:21 - [TEST_STEP][PASSED] - setText(findTestObject("Object Repository/SearchFish/Page_JPetStore Demo/input__keyword"), "Fish"): Text 'Fish' is set on object 'Object Repository/SearchFish/Page_JPetStore Demo/input__keyword'

04-10-2024T13:12:22 - [MESSAGE][PASSED] - Text 'Fish' is set on object 'Object Repository/SearchFish/Page_JPetStore Demo/input__keyword'

04-10-2024T13:12:22 - [TEST_STEP][PASSED] - click(findTestObject("Object Repository/SearchFish/Page_JPetStore Demo/input__searchProducts")): Object: 'Object Repository/SearchFish/Page_JPetStore Demo/input__searchProducts' is clicked on

04-10-2024T13:12:23 - [MESSAGE][PASSED] - Object: 'Object Repository/SearchFish/Page_JPetStore Demo/input__searchProducts' is clicked on

04-10-2024T13:12:23 - [TEST_STEP][PASSED] - click(findTestObject("Object Repository/SearchFish/Page_JPetStore Demo/a_Return to Main Menu")): Object: 'Object Repository/SearchFish/Page_JPetStore Demo/a_Return to Main Menu' is clicked on

04-10-2024T13:12:24 - [MESSAGE][PASSED] - Object: 'Object Repository/SearchFish/Page_JPetStore Demo/a_Return to Main Menu' is clicked on

04-10-2024T13:12:24 - [TEST_STEP][PASSED] - closeBrowser(): Browser is closed

04-10-2024T13:12:24 - [MESSAGE][PASSED] - Browser is closed]]></system-out>
         <system-err><![CDATA[]]></system-err>
      </testcase>
      <system-out><![CDATA[04-10-2024T13:12:17 - [TEST_SUITE][PASSED] - TS_SearchFish_New: Test Cases/TC_Search_Fish]]></system-out>
      <system-err><![CDATA[]]></system-err>
   </testsuite>
</testsuites>
