<?xml version="1.0" encoding="UTF-8"?>
<testsuites name="TS_SearchFish" time="10.717" tests="1" failures="0" errors="0">
   <testsuite name="TS_SearchFish" tests="1" failures="0" errors="0" time="10.717" skipped="0" timestamp="28-09-2024T15:00:00" hostname="WINDOWS11 - Mohan" id="Test Suites/TS_SearchFish">
      <properties>
         <property name="deviceName" value=""/>
         <property name="devicePlatform"/>
         <property name="logFolder" value="C:\\Users\\WINDOWS11\\git\\eykatalonTestArtifacts\\Reports\\20240928_145951\\TS_SearchFish\\20240928_145951"/>
         <property name="logFiles" value="C:\\Users\\WINDOWS11\\git\\eykatalonTestArtifacts\\Reports\\20240928_145951\\TS_SearchFish\\20240928_145951\\execution0.log"/>
         <property name="attachments" value=""/>
         <property name="hostName" value="WINDOWS11 - Mohan"/>
         <property name="os" value="Windows 11 64bit"/>
         <property name="katalonVersion" value="9.7.2.223"/>
         <property name="browser" value="Chrome 129.0.0.0"/>
         <property name="hostAddress" value="192.168.1.6"/>
         <property name="sessionId" value="0ddb424565c6fa5622fa01a33d06d820"/>
         <property name="seleniumVersion" value="3.141.59"/>
         <property name="proxyInformation" value="ProxyInformation { proxyOption=NO_PROXY, proxyServerType=HTTP, username=, password=********, proxyServerAddress=, proxyServerPort=0, executionList=&quot;&quot;, isApplyToDesiredCapabilities=true }"/>
         <property name="platform" value="Windows 11"/>
      </properties>
      <testcase name="Test Cases/TC_Search_Fish" time="10.171" classname="Test Cases/TC_Search_Fish" status="PASSED">
         <system-out><![CDATA[28-09-2024T15:00:00 - [TEST_CASE][PASSED] - Test Cases/TC_Search_Fish: Test Cases/TC_Search_Fish

28-09-2024T15:00:01 - [TEST_STEP][PASSED] - openBrowser(""): Browser is opened with url: ''

28-09-2024T15:00:02 - [MESSAGE][INFO] - Starting 'Chrome' driver

28-09-2024T15:00:02 - [MESSAGE][INFO] - Action delay is set to 0 milliseconds

28-09-2024T15:00:05 - [MESSAGE][PASSED] - Browser is opened with url: ''

28-09-2024T15:00:05 - [TEST_STEP][PASSED] - navigateToUrl("https://petstore.octoperf.com/"): Navigate to 'https://petstore.octoperf.com/' successfully

28-09-2024T15:00:06 - [MESSAGE][PASSED] - Navigate to 'https://petstore.octoperf.com/' successfully

28-09-2024T15:00:06 - [TEST_STEP][PASSED] - click(findTestObject("Object Repository/SearchFish/Page_JPetStore Demo/a_Enter the Store")): Object: 'Object Repository/SearchFish/Page_JPetStore Demo/a_Enter the Store' is clicked on

28-09-2024T15:00:08 - [MESSAGE][PASSED] - Object: 'Object Repository/SearchFish/Page_JPetStore Demo/a_Enter the Store' is clicked on

28-09-2024T15:00:08 - [TEST_STEP][PASSED] - setText(findTestObject("Object Repository/SearchFish/Page_JPetStore Demo/input__keyword"), "Fish"): Text 'Fish' is set on object 'Object Repository/SearchFish/Page_JPetStore Demo/input__keyword'

28-09-2024T15:00:09 - [MESSAGE][PASSED] - Text 'Fish' is set on object 'Object Repository/SearchFish/Page_JPetStore Demo/input__keyword'

28-09-2024T15:00:09 - [TEST_STEP][PASSED] - click(findTestObject("Object Repository/SearchFish/Page_JPetStore Demo/input__searchProducts")): Object: 'Object Repository/SearchFish/Page_JPetStore Demo/input__searchProducts' is clicked on

28-09-2024T15:00:10 - [MESSAGE][PASSED] - Object: 'Object Repository/SearchFish/Page_JPetStore Demo/input__searchProducts' is clicked on

28-09-2024T15:00:10 - [TEST_STEP][PASSED] - click(findTestObject("Object Repository/SearchFish/Page_JPetStore Demo/a_Return to Main Menu")): Object: 'Object Repository/SearchFish/Page_JPetStore Demo/a_Return to Main Menu' is clicked on

28-09-2024T15:00:10 - [MESSAGE][PASSED] - Object: 'Object Repository/SearchFish/Page_JPetStore Demo/a_Return to Main Menu' is clicked on

28-09-2024T15:00:10 - [TEST_STEP][PASSED] - closeBrowser(): Browser is closed

28-09-2024T15:00:11 - [MESSAGE][PASSED] - Browser is closed]]></system-out>
         <system-err><![CDATA[]]></system-err>
      </testcase>
      <system-out><![CDATA[28-09-2024T15:00:00 - [TEST_SUITE][PASSED] - TS_SearchFish: Test Cases/TC_Search_Fish]]></system-out>
      <system-err><![CDATA[]]></system-err>
   </testsuite>
</testsuites>
