<?xml version="1.0" encoding="UTF-8"?>
<testsuites name="TS_ProductNavigation_ALL" time="8.467" tests="1" failures="0" errors="0">
   <testsuite name="TS_ProductNavigation_ALL" tests="1" failures="0" errors="0" time="8.467" skipped="0" timestamp="04-10-2024T13:29:33" hostname="WINDOWS11 - Mohan" id="Test Suites/TS_ProductNavigation_ALL">
      <properties>
         <property name="deviceName" value=""/>
         <property name="devicePlatform"/>
         <property name="logFolder" value="C:\\Users\\WINDOWS11\\git\\eykatalonTestArtifacts\\Reports\\20241004_132924\\TS_ProductNavigation_ALL\\20241004_132925"/>
         <property name="logFiles" value="C:\\Users\\WINDOWS11\\git\\eykatalonTestArtifacts\\Reports\\20241004_132924\\TS_ProductNavigation_ALL\\20241004_132925\\execution0.log"/>
         <property name="attachments" value=""/>
         <property name="hostName" value="WINDOWS11 - Mohan"/>
         <property name="os" value="Windows 11 64bit"/>
         <property name="katalonVersion" value="9.7.2.223"/>
         <property name="browser" value="Chrome 129.0.0.0"/>
         <property name="hostAddress" value="192.168.1.3"/>
         <property name="sessionId" value="29559094779b28c5ca2a6b9983022e51"/>
         <property name="seleniumVersion" value="3.141.59"/>
         <property name="proxyInformation" value="ProxyInformation { proxyOption=NO_PROXY, proxyServerType=HTTP, username=, password=********, proxyServerAddress=, proxyServerPort=0, executionList=&quot;&quot;, isApplyToDesiredCapabilities=true }"/>
         <property name="platform" value="Windows 11"/>
      </properties>
      <testcase name="Test Cases/TC_Productnavigation_All" time="8.303" classname="Test Cases/TC_Productnavigation_All" status="PASSED">
         <system-out><![CDATA[04-10-2024T13:29:33 - [TEST_CASE][PASSED] - Test Cases/TC_Productnavigation_All: Test Cases/TC_Productnavigation_All

04-10-2024T13:29:34 - [TEST_STEP][PASSED] - openBrowser(""): Browser is opened with url: ''

04-10-2024T13:29:34 - [MESSAGE][INFO] - Starting 'Chrome' driver

04-10-2024T13:29:34 - [MESSAGE][INFO] - Action delay is set to 0 milliseconds

04-10-2024T13:29:35 - [MESSAGE][PASSED] - Browser is opened with url: ''

04-10-2024T13:29:35 - [TEST_STEP][PASSED] - navigateToUrl("https://petstore.octoperf.com/"): Navigate to 'https://petstore.octoperf.com/' successfully

04-10-2024T13:29:36 - [MESSAGE][PASSED] - Navigate to 'https://petstore.octoperf.com/' successfully

04-10-2024T13:29:36 - [TEST_STEP][PASSED] - verifyElementPresent(findTestObject("Object Repository/ProductNavigation_Fish/Page_JPetStore Demo/a_Enter the Store"), 0): Object 'Object Repository/ProductNavigation_Fish/Page_JPetStore Demo/a_Enter the Store' is present

04-10-2024T13:29:36 - [MESSAGE][WARNING] - Timeout '0' is invalid. Using default page load timeout: '30'

04-10-2024T13:29:36 - [MESSAGE][PASSED] - Object 'Object Repository/ProductNavigation_Fish/Page_JPetStore Demo/a_Enter the Store' is present

04-10-2024T13:29:36 - [TEST_STEP][PASSED] - click(findTestObject("Object Repository/ProductNavigation_Fish/Page_JPetStore Demo/a_Enter the Store")): Object: 'Object Repository/ProductNavigation_Fish/Page_JPetStore Demo/a_Enter the Store' is clicked on

04-10-2024T13:29:37 - [MESSAGE][PASSED] - Object: 'Object Repository/ProductNavigation_Fish/Page_JPetStore Demo/a_Enter the Store' is clicked on

04-10-2024T13:29:37 - [TEST_STEP][PASSED] - click(findTestObject("Object Repository/ProductNavigation_Fish/Page_JPetStore Demo/img")): Object: 'Object Repository/ProductNavigation_Fish/Page_JPetStore Demo/img' is clicked on

04-10-2024T13:29:38 - [MESSAGE][PASSED] - Object: 'Object Repository/ProductNavigation_Fish/Page_JPetStore Demo/img' is clicked on

04-10-2024T13:29:38 - [TEST_STEP][PASSED] - click(findTestObject("Object Repository/ProductNavigation_Fish/Page_JPetStore Demo/a_FI-SW-01")): Object: 'Object Repository/ProductNavigation_Fish/Page_JPetStore Demo/a_FI-SW-01' is clicked on

04-10-2024T13:29:38 - [MESSAGE][PASSED] - Object: 'Object Repository/ProductNavigation_Fish/Page_JPetStore Demo/a_FI-SW-01' is clicked on

04-10-2024T13:29:38 - [TEST_STEP][PASSED] - click(findTestObject("Object Repository/ProductNavigation_Fish/Page_JPetStore Demo/a_EST-1")): Object: 'Object Repository/ProductNavigation_Fish/Page_JPetStore Demo/a_EST-1' is clicked on

04-10-2024T13:29:40 - [MESSAGE][PASSED] - Object: 'Object Repository/ProductNavigation_Fish/Page_JPetStore Demo/a_EST-1' is clicked on

04-10-2024T13:29:40 - [TEST_STEP][PASSED] - click(findTestObject("Object Repository/ProductNavigation_Fish/Page_JPetStore Demo/a_Add to Cart")): Object: 'Object Repository/ProductNavigation_Fish/Page_JPetStore Demo/a_Add to Cart' is clicked on

04-10-2024T13:29:40 - [MESSAGE][PASSED] - Object: 'Object Repository/ProductNavigation_Fish/Page_JPetStore Demo/a_Add to Cart' is clicked on

04-10-2024T13:29:40 - [TEST_STEP][PASSED] - click(findTestObject("Object Repository/ProductNavigation_Fish/Page_JPetStore Demo/a_Proceed to Checkout")): Object: 'Object Repository/ProductNavigation_Fish/Page_JPetStore Demo/a_Proceed to Checkout' is clicked on

04-10-2024T13:29:41 - [MESSAGE][PASSED] - Object: 'Object Repository/ProductNavigation_Fish/Page_JPetStore Demo/a_Proceed to Checkout' is clicked on

04-10-2024T13:29:41 - [TEST_STEP][PASSED] - click(findTestObject("Object Repository/ProductNavigation_Fish/Page_JPetStore Demo/img")): Object: 'Object Repository/ProductNavigation_Fish/Page_JPetStore Demo/img' is clicked on

04-10-2024T13:29:41 - [MESSAGE][PASSED] - Object: 'Object Repository/ProductNavigation_Fish/Page_JPetStore Demo/img' is clicked on

04-10-2024T13:29:41 - [TEST_STEP][PASSED] - click(findTestObject("Object Repository/ProductNavigation_Fish/Page_JPetStore Demo/a_Return to Main Menu")): Object: 'Object Repository/ProductNavigation_Fish/Page_JPetStore Demo/a_Return to Main Menu' is clicked on

04-10-2024T13:29:41 - [MESSAGE][PASSED] - Object: 'Object Repository/ProductNavigation_Fish/Page_JPetStore Demo/a_Return to Main Menu' is clicked on

04-10-2024T13:29:42 - [TEST_STEP][PASSED] - closeBrowser(): Browser is closed

04-10-2024T13:29:42 - [MESSAGE][PASSED] - Browser is closed]]></system-out>
         <system-err><![CDATA[]]></system-err>
      </testcase>
      <system-out><![CDATA[04-10-2024T13:29:33 - [TEST_SUITE][PASSED] - TS_ProductNavigation_ALL: Test Cases/TC_Productnavigation_All]]></system-out>
      <system-err><![CDATA[]]></system-err>
   </testsuite>
</testsuites>
