<?xml version="1.0" encoding="UTF-8"?>
<testsuites name="TS_BrokenLocator2" time="15.339" tests="1" failures="0" errors="0">
   <testsuite name="TS_BrokenLocator2" tests="1" failures="0" errors="0" time="15.339" skipped="0" timestamp="04-10-2024T19:08:13" hostname="WINDOWS11 - Mohan" id="Test Suites/TS_BrokenLocator2">
      <properties>
         <property name="deviceName" value=""/>
         <property name="devicePlatform"/>
         <property name="logFolder" value="C:\\Users\\WINDOWS11\\git\\eykatalonTestArtifacts\\Reports\\20241004_190805\\TS_BrokenLocator2\\20241004_190805"/>
         <property name="logFiles" value="C:\\Users\\WINDOWS11\\git\\eykatalonTestArtifacts\\Reports\\20241004_190805\\TS_BrokenLocator2\\20241004_190805\\execution0.log"/>
         <property name="attachments" value=""/>
         <property name="hostName" value="WINDOWS11 - Mohan"/>
         <property name="os" value="Windows 11 64bit"/>
         <property name="katalonVersion" value="9.7.2.223"/>
         <property name="browser" value="Chrome 129.0.0.0"/>
         <property name="hostAddress" value="192.168.1.3"/>
         <property name="sessionId" value="b8f284892b8282987c2b7d4bffb19848"/>
         <property name="seleniumVersion" value="3.141.59"/>
         <property name="proxyInformation" value="ProxyInformation { proxyOption=NO_PROXY, proxyServerType=HTTP, username=, password=********, proxyServerAddress=, proxyServerPort=0, executionList=&quot;&quot;, isApplyToDesiredCapabilities=true }"/>
         <property name="platform" value="Windows 11"/>
      </properties>
      <testcase name="Test Cases/BrokenLocator2" time="15.172" classname="Test Cases/BrokenLocator2" status="PASSED">
         <system-out><![CDATA[04-10-2024T19:08:13 - [TEST_CASE][PASSED] - Test Cases/BrokenLocator2: Test Cases/BrokenLocator2

04-10-2024T19:08:13 - [TEST_STEP][PASSED] - openBrowser(""): Browser is opened with url: ''

04-10-2024T19:08:14 - [MESSAGE][INFO] - Starting 'Chrome' driver

04-10-2024T19:08:14 - [MESSAGE][INFO] - Action delay is set to 0 milliseconds

04-10-2024T19:08:15 - [MESSAGE][PASSED] - Browser is opened with url: ''

04-10-2024T19:08:15 - [TEST_STEP][PASSED] - navigateToUrl("https://petstore.octoperf.com/"): Navigate to 'https://petstore.octoperf.com/' successfully

04-10-2024T19:08:16 - [MESSAGE][PASSED] - Navigate to 'https://petstore.octoperf.com/' successfully

04-10-2024T19:08:16 - [TEST_STEP][PASSED] - click(findTestObject("Object Repository/BrokenLocator/Page_JPetStore Demo/a_Enter the Store")): Object: 'Object Repository/BrokenLocator/Page_JPetStore Demo/a_Enter the Store' is clicked on

04-10-2024T19:08:17 - [MESSAGE][PASSED] - Object: 'Object Repository/BrokenLocator/Page_JPetStore Demo/a_Enter the Store' is clicked on

04-10-2024T19:08:17 - [TEST_STEP][PASSED] - click(findTestObject("Object Repository/BrokenLocator/Page_JPetStore Demo/a_Sign In")): Object: 'Object Repository/BrokenLocator/Page_JPetStore Demo/a_Sign In' is clicked on

04-10-2024T19:08:18 - [MESSAGE][PASSED] - Object: 'Object Repository/BrokenLocator/Page_JPetStore Demo/a_Sign In' is clicked on

04-10-2024T19:08:18 - [TEST_STEP][PASSED] - setText(findTestObject("Object Repository/BrokenLocator/Page_JPetStore Demo/input_Need a user name and password_username"), "mohan"): Text 'mohan' is set on object 'Object Repository/BrokenLocator/Page_JPetStore Demo/input_Need a user name and password_username'

04-10-2024T19:08:18 - [MESSAGE][PASSED] - Text 'mohan' is set on object 'Object Repository/BrokenLocator/Page_JPetStore Demo/input_Need a user name and password_username'

04-10-2024T19:08:18 - [TEST_STEP][PASSED] - setText(findTestObject("Object Repository/BrokenLocator/Page_JPetStore Demo/input_Need a user name and password_password"), "mohan"): Text 'mohan' is set on object 'Object Repository/BrokenLocator/Page_JPetStore Demo/input_Need a user name and password_password'

04-10-2024T19:08:19 - [MESSAGE][PASSED] - Text 'mohan' is set on object 'Object Repository/BrokenLocator/Page_JPetStore Demo/input_Need a user name and password_password'

04-10-2024T19:08:19 - [TEST_STEP][PASSED] - click(findTestObject("Object Repository/BrokenLocator/Page_JPetStore Demo/input_Need a user name and password_signon")): Object: 'Object Repository/BrokenLocator/Page_JPetStore Demo/input_Need a user name and password_signon' is clicked on

04-10-2024T19:08:20 - [MESSAGE][PASSED] - Object: 'Object Repository/BrokenLocator/Page_JPetStore Demo/input_Need a user name and password_signon' is clicked on

04-10-2024T19:08:20 - [TEST_STEP][PASSED] - click(findTestObject("Object Repository/BrokenLocator/Page_JPetStore Demo/img")): Object: 'Object Repository/BrokenLocator/Page_JPetStore Demo/img' is clicked on

04-10-2024T19:08:20 - [MESSAGE][PASSED] - Object: 'Object Repository/BrokenLocator/Page_JPetStore Demo/img' is clicked on

04-10-2024T19:08:20 - [TEST_STEP][PASSED] - click(findTestObject("Object Repository/BrokenLocator/Page_JPetStore Demo/a_FI-SW-01")): Object: 'Object Repository/BrokenLocator/Page_JPetStore Demo/a_FI-SW-01' is clicked on

04-10-2024T19:08:21 - [MESSAGE][PASSED] - Object: 'Object Repository/BrokenLocator/Page_JPetStore Demo/a_FI-SW-01' is clicked on

04-10-2024T19:08:21 - [TEST_STEP][PASSED] - click(findTestObject("Object Repository/BrokenLocator/Page_JPetStore Demo/a_EST-1")): Object: 'Object Repository/BrokenLocator/Page_JPetStore Demo/a_EST-1' is clicked on

04-10-2024T19:08:22 - [MESSAGE][PASSED] - Object: 'Object Repository/BrokenLocator/Page_JPetStore Demo/a_EST-1' is clicked on

04-10-2024T19:08:22 - [TEST_STEP][PASSED] - click(findTestObject("Object Repository/BrokenLocator/Page_JPetStore Demo/a_Add to Cart")): Object: 'Object Repository/BrokenLocator/Page_JPetStore Demo/a_Add to Cart' is clicked on

04-10-2024T19:08:23 - [MESSAGE][PASSED] - Object: 'Object Repository/BrokenLocator/Page_JPetStore Demo/a_Add to Cart' is clicked on

04-10-2024T19:08:23 - [TEST_STEP][PASSED] - click(findTestObject("Object Repository/BrokenLocator/Page_JPetStore Demo/a_Proceed to Checkout")): Object: 'Object Repository/BrokenLocator/Page_JPetStore Demo/a_Proceed to Checkout' is clicked on

04-10-2024T19:08:24 - [MESSAGE][PASSED] - Object: 'Object Repository/BrokenLocator/Page_JPetStore Demo/a_Proceed to Checkout' is clicked on

04-10-2024T19:08:24 - [TEST_STEP][PASSED] - click(findTestObject("Object Repository/BrokenLocator/Page_JPetStore Demo/input_Ship to different address_newOrder")): Object: 'Object Repository/BrokenLocator/Page_JPetStore Demo/input_Ship to different address_newOrder' is clicked on

04-10-2024T19:08:25 - [MESSAGE][PASSED] - Object: 'Object Repository/BrokenLocator/Page_JPetStore Demo/input_Ship to different address_newOrder' is clicked on

04-10-2024T19:08:25 - [TEST_STEP][PASSED] - click(findTestObject("Object Repository/BrokenLocator/Page_JPetStore Demo/a_Confirm")): Object: 'Object Repository/BrokenLocator/Page_JPetStore Demo/a_Confirm' is clicked on

04-10-2024T19:08:26 - [MESSAGE][PASSED] - Object: 'Object Repository/BrokenLocator/Page_JPetStore Demo/a_Confirm' is clicked on

04-10-2024T19:08:26 - [TEST_STEP][PASSED] - click(findTestObject("Object Repository/BrokenLocator/Page_JPetStore Demo/a_Return to Main Menu")): Object: 'Object Repository/BrokenLocator/Page_JPetStore Demo/a_Return to Main Menu' is clicked on

04-10-2024T19:08:27 - [MESSAGE][PASSED] - Object: 'Object Repository/BrokenLocator/Page_JPetStore Demo/a_Return to Main Menu' is clicked on

04-10-2024T19:08:27 - [TEST_STEP][PASSED] - click(findTestObject("Object Repository/BrokenLocator/Page_JPetStore Demo/a_Sign Out")): Object: 'Object Repository/BrokenLocator/Page_JPetStore Demo/a_Sign Out' is clicked on

04-10-2024T19:08:28 - [MESSAGE][PASSED] - Object: 'Object Repository/BrokenLocator/Page_JPetStore Demo/a_Sign Out' is clicked on

04-10-2024T19:08:28 - [TEST_STEP][PASSED] - closeBrowser(): Browser is closed

04-10-2024T19:08:28 - [MESSAGE][PASSED] - Browser is closed]]></system-out>
         <system-err><![CDATA[]]></system-err>
      </testcase>
      <system-out><![CDATA[04-10-2024T19:08:13 - [TEST_SUITE][PASSED] - TS_BrokenLocator2: Test Cases/BrokenLocator2]]></system-out>
      <system-err><![CDATA[]]></system-err>
   </testsuite>
</testsuites>
